<?xml version="1.0" encoding="UTF-8"?>
<!-- Generated by org.testng.reporters.JUnitReportReporter -->
<testsuite hostname="100rb" failures="0" tests="1" name="test.TestTwo" time="20.611" errors="0" timestamp="2022-04-02T11:57:15 IST" skipped="0">
  <testcase classname="test.TestTwo" name="LoginWithInvalidCred" time="20.611"/>
  <system-out/>
</testsuite> <!-- test.TestTwo -->
