<?xml version="1.0" encoding="UTF-8"?>
<!-- Generated by org.testng.reporters.JUnitReportReporter -->
<testsuite hostname="100rb" failures="0" tests="1" name="test.TestOne" time="7.419" errors="0" timestamp="2022-04-01T16:48:12 IST" skipped="0">
  <testcase classname="test.TestOne" name="LoginWithValidCred" time="7.419"/>
  <system-out/>
</testsuite> <!-- test.TestOne -->
