<?xml version="1.0" encoding="UTF-8"?>
<!-- Generated by org.testng.reporters.JUnitReportReporter -->
<testsuite hostname="100rb" failures="0" tests="1" name="runner.runner" time="5.447" errors="0" timestamp="2022-04-02T13:25:29 IST" skipped="0">
  <testcase classname="runner.runner" name="runScenario" time="5.447"/>
  <system-out/>
</testsuite> <!-- runner.runner -->
