<?xml version="1.0" encoding="UTF-8"?>
<!-- Generated by org.testng.reporters.JUnitReportReporter -->
<testsuite hostname="100rb" failures="0" tests="1" name="dummytest.TestOne" time="3.711" errors="0" timestamp="2022-04-02T11:39:22 IST" skipped="0">
  <testcase classname="dummytest.TestOne" name="LoginWithValidCred" time="3.711"/>
  <system-out/>
</testsuite> <!-- dummytest.TestOne -->
