<?xml version="1.0" encoding="UTF-8"?>
<!-- Generated by org.testng.reporters.JUnitReportReporter -->
<testsuite hostname="100rb" failures="0" tests="2" name="test.LoginTest" time="12.245" errors="0" timestamp="2022-04-02T12:31:15 IST" skipped="0">
  <testcase classname="test.LoginTest" name="loginTest" time="6.775"/>
  <system-out/>
  <testcase classname="test.LoginTest" name="loginTest" time="5.470"/>
  <system-out/>
</testsuite> <!-- test.LoginTest -->
